{
  "RSpec": {
    "coverage": {
      "/home/alan/workspace/campus-code/social-recipes/app/helpers/application_helper.rb": [
        1,
        null
      ],
      "/home/alan/workspace/campus-code/social-recipes/app/models/recipe.rb": [
        1,
        1,
        1,
        1,
        null
      ],
      "/home/alan/workspace/campus-code/social-recipes/app/models/application_record.rb": [
        1,
        1,
        null
      ],
      "/home/alan/workspace/campus-code/social-recipes/app/uploaders/picture_uploader.rb": [
        1,
        null,
        null,
        null,
        null,
        null,
        null,
        1,
        null,
        null,
        null,
        null,
        1,
        63,
        null,
        null,
        null,
        null,
        null,
        null,
        null,
        null,
        null,
        null,
        null,
        null,
        null,
        null,
        null,
        null,
        null,
        null,
        null,
        null,
        null,
        null,
        null,
        null,
        null,
        null,
        null,
        null,
        null,
        null,
        null,
        null,
        null,
        null,
        null
      ],
      "/home/alan/workspace/campus-code/social-recipes/app/models/cuisine.rb": [
        1,
        1,
        1,
        null
      ],
      "/home/alan/workspace/campus-code/social-recipes/app/controllers/cuisines_controller.rb": [
        1,
        1,
        3,
        null,
        null,
        1,
        2,
        null,
        null,
        1,
        2,
        2,
        1,
        null,
        1,
        1,
        null,
        null,
        null,
        1,
        1,
        2,
        null,
        null
      ],
      "/home/alan/workspace/campus-code/social-recipes/app/controllers/application_controller.rb": [
        1,
        1,
        null
      ],
      "/home/alan/workspace/campus-code/social-recipes/app/models/food_type.rb": [
        1,
        1,
        1,
        null
      ],
      "/home/alan/workspace/campus-code/social-recipes/app/controllers/food_types_controller.rb": [
        1,
        1,
        3,
        null,
        1,
        2,
        null,
        null,
        1,
        2,
        2,
        1,
        null,
        1,
        1,
        null,
        null,
        null,
        1,
        1,
        2,
        null,
        null
      ],
      "/home/alan/workspace/campus-code/social-recipes/app/controllers/recipes_controller.rb": [
        1,
        1,
        8,
        8,
        8,
        null,
        1,
        1,
        null,
        null,
        1,
        3,
        null,
        null,
        1,
        2,
        2,
        2,
        2,
        null,
        null,
        1,
        2,
        2,
        1,
        null,
        1,
        1,
        null,
        null,
        null,
        1,
        1,
        2,
        null,
        null,
        null
      ],
      "/home/alan/workspace/campus-code/social-recipes/app/mailers/application_mailer.rb": [
        0,
        0,
        0,
        0
      ]
    },
    "timestamp": 1488737021
  }
}
