{
  "RSpec": {
    "coverage": {
      "/Users/alan/workspace/social-recips/app/helpers/application_helper.rb": [
        1,
        null
      ],
      "/Users/alan/workspace/social-recips/app/helpers/sessions_helper.rb": [
        1,
        1,
        1,
        null,
        null,
        1,
        17,
        null,
        null,
        1,
        10,
        null,
        null,
        1,
        0,
        0,
        null,
        null
      ],
      "/Users/alan/workspace/social-recips/app/models/user.rb": [
        1,
        2,
        1,
        null
      ],
      "/Users/alan/workspace/social-recips/app/models/application_record.rb": [
        1,
        1,
        null
      ],
      "/Users/alan/workspace/social-recips/app/controllers/recipes_controller.rb": [
        1,
        1,
        2,
        2,
        2,
        null,
        1,
        0,
        null,
        null,
        1,
        0,
        null,
        null,
        1,
        0,
        null,
        null,
        1,
        0,
        0,
        0,
        0,
        null,
        null,
        1,
        0,
        0,
        0,
        null,
        0,
        0,
        null,
        null,
        null,
        1,
        0,
        0,
        0,
        null,
        0,
        0,
        null,
        null,
        null,
        1,
        1,
        0,
        null,
        null,
        null
      ],
      "/Users/alan/workspace/social-recips/app/controllers/application_controller.rb": [
        1,
        1,
        1,
        null
      ],
      "/Users/alan/workspace/social-recips/app/models/recipe.rb": [
        1,
        1,
        1,
        1,
        null
      ],
      "/Users/alan/workspace/social-recips/app/uploaders/picture_uploader.rb": [
        1,
        null,
        null,
        null,
        null,
        null,
        null,
        1,
        null,
        null,
        null,
        null,
        1,
        0,
        null,
        null,
        null,
        null,
        null,
        null,
        null,
        null,
        null,
        null,
        null,
        null,
        null,
        null,
        null,
        null,
        null,
        null,
        null,
        null,
        null,
        null,
        null,
        null,
        null,
        null,
        null,
        null,
        null,
        null,
        null,
        null,
        null,
        null,
        null
      ],
      "/Users/alan/workspace/social-recips/app/models/cuisine.rb": [
        1,
        1,
        1,
        null
      ],
      "/Users/alan/workspace/social-recips/app/models/food_type.rb": [
        1,
        1,
        1,
        null
      ],
      "/Users/alan/workspace/social-recips/app/controllers/sessions_controller.rb": [
        1,
        1,
        null,
        null,
        1,
        1,
        1,
        1,
        1,
        null,
        0,
        0,
        null,
        null,
        null,
        1,
        0,
        0,
        null,
        null
      ],
      "/Users/alan/workspace/social-recips/app/controllers/users_controller.rb": [
        1,
        1,
        null,
        1,
        0,
        null,
        null,
        1,
        2,
        null,
        null,
        1,
        1,
        null,
        null,
        1,
        0,
        0,
        0,
        0,
        0,
        null,
        0,
        0,
        null,
        null,
        0,
        0,
        null,
        null,
        null,
        1,
        1,
        1,
        1,
        0,
        null,
        1,
        1,
        null,
        null,
        0,
        null,
        null,
        null,
        null,
        1,
        2,
        0,
        0,
        null,
        null,
        null,
        1,
        1,
        1,
        null,
        null
      ],
      "/Users/alan/workspace/social-recips/app/controllers/cuisines_controller.rb": [
        0,
        0,
        0,
        0,
        0,
        0,
        0,
        0,
        0,
        0,
        0,
        0,
        0,
        0,
        0,
        0,
        0,
        0,
        0,
        0,
        0,
        0,
        0,
        0
      ],
      "/Users/alan/workspace/social-recips/app/controllers/food_types_controller.rb": [
        0,
        0,
        0,
        0,
        0,
        0,
        0,
        0,
        0,
        0,
        0,
        0,
        0,
        0,
        0,
        0,
        0,
        0,
        0,
        0,
        0,
        0,
        0
      ],
      "/Users/alan/workspace/social-recips/app/mailers/application_mailer.rb": [
        0,
        0,
        0,
        0
      ]
    },
    "timestamp": 1489438709
  }
}
